<?xml version="1.0" encoding="UTF-8"?>
<!-- Generated by org.testng.reporters.JUnitXMLReporter -->
<testsuite hostname="aldhafera" name="Test1" tests="49" failures="0" timestamp="25 Jun 2013 15:08:41 GMT" time="76.079" errors="0">
  <testcase name="@BeforeClass init" time="0.0" classname="betfair.pages.ModifyEvents">
    <failure type="org.openqa.selenium.WebDriverException" message="Unable to connect to host 127.0.0.1 on port 7055 after 45000 ms. Firefox console output:
*** LOG addons.xpi: startup
*** LOG addons.xpi: Skipping unavailable install location app-system-local
*** LOG addons.xpi: Skipping unavailable install location app-system-share
*** LOG addons.xpi: Ignoring file entry whose name is not a valid add-on ID: C:\Users\LABDUL~1.OPE\AppData\Local\Temp\anonymous2611613583454560056webdriver-profile\extensions\webdriver-staging
*** LOG addons.xpi: checkForChanges
*** LOG addons.xpi-utils: Opening database
*** LOG addons.xpi: Add-on proxyauth@lammersoft.com modified in app-profile
*** Blocklist::_loadBlocklistFromFile: blocklist is disabled
*** LOG addons.xpi: New add-on fxdriver@googlecode.com installed in app-profile
*** LOG addons.xpi: Updating database with changes to installed add-ons
*** LOG addons.xpi-utils: Updating add-on states
*** LOG addons.xpi-utils: Writing add-ons list
*** LOG addons.manager: shutdown
*** LOG addons.xpi: shutdown
*** LOG addons.xpi-utils: shutdown
*** LOG addons.xpi-utils: Database closed
*** LOG addons.xpi: startup
*** LOG addons.xpi: Skipping unavailable install location app-system-local
*** LOG addons.xpi: Skipping unavailable install location app-system-share
*** LOG addons.xpi: Ignoring file entry whose name is not a valid add-on ID: C:\Users\LABDUL~1.OPE\AppData\Local\Temp\anonymous2611613583454560056webdriver-profile\extensions\webdriver-staging
*** LOG addons.xpi: checkForChanges
*** LOG addons.xpi: No changes found
*** Blocklist::_loadBlocklistFromFile: blocklist is disabled
*** LOG addons.manager: shutdown
*** LOG addons.xpi: shutdown

Build info: version: &amp;apos;2.30.0&amp;apos;, revision: &amp;apos;dc1ef9ceb805a672f56dc49198f9ffbd4ca345c7&amp;apos;, time: &amp;apos;2013-02-19 09:14:38&amp;apos;
System info: os.name: &amp;apos;Windows 7&amp;apos;, os.arch: &amp;apos;amd64&amp;apos;, os.version: &amp;apos;6.1&amp;apos;, java.version: &amp;apos;1.7.0_11&amp;apos;
Driver info: driver.version: RemoteWebDriver">
      <![CDATA[org.openqa.selenium.WebDriverException: Unable to connect to host 127.0.0.1 on port 7055 after 45000 ms. Firefox console output:
*** LOG addons.xpi: startup
*** LOG addons.xpi: Skipping unavailable install location app-system-local
*** LOG addons.xpi: Skipping unavailable install location app-system-share
*** LOG addons.xpi: Ignoring file entry whose name is not a valid add-on ID: C:\Users\LABDUL~1.OPE\AppData\Local\Temp\anonymous2611613583454560056webdriver-profile\extensions\webdriver-staging
*** LOG addons.xpi: checkForChanges
*** LOG addons.xpi-utils: Opening database
*** LOG addons.xpi: Add-on proxyauth@lammersoft.com modified in app-profile
*** Blocklist::_loadBlocklistFromFile: blocklist is disabled
*** LOG addons.xpi: New add-on fxdriver@googlecode.com installed in app-profile
*** LOG addons.xpi: Updating database with changes to installed add-ons
*** LOG addons.xpi-utils: Updating add-on states
*** LOG addons.xpi-utils: Writing add-ons list
*** LOG addons.manager: shutdown
*** LOG addons.xpi: shutdown
*** LOG addons.xpi-utils: shutdown
*** LOG addons.xpi-utils: Database closed
*** LOG addons.xpi: startup
*** LOG addons.xpi: Skipping unavailable install location app-system-local
*** LOG addons.xpi: Skipping unavailable install location app-system-share
*** LOG addons.xpi: Ignoring file entry whose name is not a valid add-on ID: C:\Users\LABDUL~1.OPE\AppData\Local\Temp\anonymous2611613583454560056webdriver-profile\extensions\webdriver-staging
*** LOG addons.xpi: checkForChanges
*** LOG addons.xpi: No changes found
*** Blocklist::_loadBlocklistFromFile: blocklist is disabled
*** LOG addons.manager: shutdown
*** LOG addons.xpi: shutdown

Build info: version: '2.30.0', revision: 'dc1ef9ceb805a672f56dc49198f9ffbd4ca345c7', time: '2013-02-19 09:14:38'
System info: os.name: 'Windows 7', os.arch: 'amd64', os.version: '6.1', java.version: '1.7.0_11'
Driver info: driver.version: RemoteWebDriver
	at sun.reflect.NativeConstructorAccessorImpl.newInstance0(Native Method)
	at sun.reflect.NativeConstructorAccessorImpl.newInstance(NativeConstructorAccessorImpl.java:57)
	at sun.reflect.DelegatingConstructorAccessorImpl.newInstance(DelegatingConstructorAccessorImpl.java:45)
	at java.lang.reflect.Constructor.newInstance(Constructor.java:525)
	at org.openqa.selenium.remote.ErrorHandler.createThrowable(ErrorHandler.java:131)
	at org.openqa.selenium.remote.ErrorHandler.throwIfResponseFailed(ErrorHandler.java:105)
	at org.openqa.selenium.remote.RemoteWebDriver.execute(RemoteWebDriver.java:405)
	at org.openqa.selenium.remote.RemoteWebDriver.startSession(RemoteWebDriver.java:104)
	at org.openqa.selenium.remote.RemoteWebDriver.<init>(RemoteWebDriver.java:87)
	at org.openqa.selenium.remote.RemoteWebDriver.<init>(RemoteWebDriver.java:95)
	at betfair.webdriver.WebDriverFactory.getInstance(WebDriverFactory.java:123)
	at betfair.pages.TestBase.init(TestBase.java:66)
	at sun.reflect.NativeMethodAccessorImpl.invoke0(Native Method)
	at sun.reflect.NativeMethodAccessorImpl.invoke(NativeMethodAccessorImpl.java:57)
	at sun.reflect.DelegatingMethodAccessorImpl.invoke(DelegatingMethodAccessorImpl.java:43)
	at java.lang.reflect.Method.invoke(Method.java:601)
	at org.testng.internal.MethodInvocationHelper.invokeMethod(MethodInvocationHelper.java:84)
	at org.testng.internal.Invoker.invokeConfigurationMethod(Invoker.java:564)
	at org.testng.internal.Invoker.invokeConfigurations(Invoker.java:213)
	at org.testng.internal.Invoker.invokeConfigurations(Invoker.java:138)
	at org.testng.internal.TestMethodWorker.invokeBeforeClassMethods(TestMethodWorker.java:175)
	at org.testng.internal.TestMethodWorker.run(TestMethodWorker.java:107)
	at org.testng.TestRunner.privateRun(TestRunner.java:767)
	at org.testng.TestRunner.run(TestRunner.java:617)
	at org.testng.SuiteRunner.runTest(SuiteRunner.java:334)
	at org.testng.SuiteRunner.runSequentially(SuiteRunner.java:329)
	at org.testng.SuiteRunner.privateRun(SuiteRunner.java:291)
	at org.testng.SuiteRunner.run(SuiteRunner.java:240)
	at org.testng.SuiteRunnerWorker.runSuite(SuiteRunnerWorker.java:52)
	at org.testng.SuiteRunnerWorker.run(SuiteRunnerWorker.java:86)
	at org.testng.TestNG.runSuitesSequentially(TestNG.java:1224)
	at org.testng.TestNG.runSuitesLocally(TestNG.java:1149)
	at org.testng.TestNG.run(TestNG.java:1057)
	at org.testng.remote.RemoteTestNG.run(RemoteTestNG.java:111)
	at org.testng.remote.RemoteTestNG.initAndRun(RemoteTestNG.java:204)
	at org.testng.remote.RemoteTestNG.main(RemoteTestNG.java:175)
Caused by: org.openqa.selenium.remote.ErrorHandler$UnknownServerException: Unable to connect to host 127.0.0.1 on port 7055 after 45000 ms. Firefox console output:
*** LOG addons.xpi: startup
*** LOG addons.xpi: Skipping unavailable install location app-system-local
*** LOG addons.xpi: Skipping unavailable install location app-system-share
*** LOG addons.xpi: Ignoring file entry whose name is not a valid add-on ID: C:\Users\LABDUL~1.OPE\AppData\Local\Temp\anonymous2611613583454560056webdriver-profile\extensions\webdriver-staging
*** LOG addons.xpi: checkForChanges
*** LOG addons.xpi-utils: Opening database
*** LOG addons.xpi: Add-on proxyauth@lammersoft.com modified in app-profile
*** Blocklist::_loadBlocklistFromFile: blocklist is disabled
*** LOG addons.xpi: New add-on fxdriver@googlecode.com installed in app-profile
*** LOG addons.xpi: Updating database with changes to installed add-ons
*** LOG addons.xpi-utils: Updating add-on states
*** LOG addons.xpi-utils: Writing add-ons list
*** LOG addons.manager: shutdown
*** LOG addons.xpi: shutdown
*** LOG addons.xpi-utils: shutdown
*** LOG addons.xpi-utils: Database closed
*** LOG addons.xpi: startup
*** LOG addons.xpi: Skipping unavailable install location app-system-local
*** LOG addons.xpi: Skipping unavailable install location app-system-share
*** LOG addons.xpi: Ignoring file entry whose name is not a valid add-on ID: C:\Users\LABDUL~1.OPE\AppData\Local\Temp\anonymous2611613583454560056webdriver-profile\extensions\webdriver-staging
*** LOG addons.xpi: checkForChanges
*** LOG addons.xpi: No changes found
*** Blocklist::_loadBlocklistFromFile: blocklist is disabled
*** LOG addons.manager: shutdown
*** LOG addons.xpi: shutdown

Build info: version: '2.30.0', revision: 'dc1ef9ceb805a672f56dc49198f9ffbd4ca345c7', time: '2013-02-19 09:14:38'
System info: os.name: 'Windows 7', os.arch: 'amd64', os.version: '6.1', java.version: '1.7.0_11'
Driver info: driver.version: FirefoxDriver
	at org.openqa.selenium.firefox.internal.NewProfileExtensionConnection.start(NewProfileExtensionConnection.java:106)
	at org.openqa.selenium.firefox.FirefoxDriver.startClient(FirefoxDriver.java:244)
	at org.openqa.selenium.remote.RemoteWebDriver.<init>(RemoteWebDriver.java:110)
	at org.openqa.selenium.firefox.FirefoxDriver.<init>(FirefoxDriver.java:190)
	at org.openqa.selenium.firefox.FirefoxDriver.<init>(FirefoxDriver.java:183)
	at org.openqa.selenium.firefox.FirefoxDriver.<init>(FirefoxDriver.java:101)
	at sun.reflect.GeneratedConstructorAccessor24.newInstance(null)
	at sun.reflect.DelegatingConstructorAccessorImpl.newInstance(null)
	at java.lang.reflect.Constructor.newInstance(null)
	at org.openqa.selenium.remote.server.DefaultDriverFactory.callConstructor(DefaultDriverFactory.java:57)
	at org.openqa.selenium.remote.server.DefaultDriverFactory.newInstance(DefaultDriverFactory.java:51)
	at org.openqa.selenium.remote.server.DefaultSession$BrowserCreator.call(DefaultSession.java:213)
	at org.openqa.selenium.remote.server.DefaultSession$BrowserCreator.call(DefaultSession.java:1)
	at java.util.concurrent.FutureTask$Sync.innerRun(null)
	at java.util.concurrent.FutureTask.run(null)
	at org.openqa.selenium.remote.server.DefaultSession$1.run(DefaultSession.java:167)
	at java.util.concurrent.ThreadPoolExecutor.runWorker(null)
	at java.util.concurrent.ThreadPoolExecutor$Worker.run(null)
	at java.lang.Thread.run(null)
]]>
    </failure>
  </testcase> <!-- @BeforeClass init -->
  <testcase name="@BeforeClass classInit" time="0.0" classname="betfair.pages.ModifyEvents">
    <skipped/>
  </testcase> <!-- @BeforeClass classInit -->
  <testcase name="@BeforeMethod startTest" time="0.0" classname="betfair.pages.ModifyEvents">
    <skipped/>
  </testcase> <!-- @BeforeMethod startTest -->
  <testcase name="@BeforeMethod login" time="0.0" classname="betfair.pages.ModifyEvents">
    <skipped/>
  </testcase> <!-- @BeforeMethod login -->
  <testcase name="@AfterMethod logout" time="0.0" classname="betfair.pages.ModifyEvents">
    <skipped/>
  </testcase> <!-- @AfterMethod logout -->
  <testcase name="@BeforeMethod startTest" time="0.0" classname="betfair.pages.ModifyEvents">
    <skipped/>
  </testcase> <!-- @BeforeMethod startTest -->
  <testcase name="@BeforeMethod login" time="0.0" classname="betfair.pages.ModifyEvents">
    <skipped/>
  </testcase> <!-- @BeforeMethod login -->
  <testcase name="@AfterMethod logout" time="0.0" classname="betfair.pages.ModifyEvents">
    <skipped/>
  </testcase> <!-- @AfterMethod logout -->
  <testcase name="@BeforeMethod startTest" time="0.0" classname="betfair.pages.ModifyEvents">
    <skipped/>
  </testcase> <!-- @BeforeMethod startTest -->
  <testcase name="@BeforeMethod login" time="0.0" classname="betfair.pages.ModifyEvents">
    <skipped/>
  </testcase> <!-- @BeforeMethod login -->
  <testcase name="@AfterMethod logout" time="0.0" classname="betfair.pages.ModifyEvents">
    <skipped/>
  </testcase> <!-- @AfterMethod logout -->
  <testcase name="@BeforeMethod startTest" time="0.0" classname="betfair.pages.ModifyEvents">
    <skipped/>
  </testcase> <!-- @BeforeMethod startTest -->
  <testcase name="@BeforeMethod login" time="0.0" classname="betfair.pages.ModifyEvents">
    <skipped/>
  </testcase> <!-- @BeforeMethod login -->
  <testcase name="@AfterMethod logout" time="0.0" classname="betfair.pages.ModifyEvents">
    <skipped/>
  </testcase> <!-- @AfterMethod logout -->
  <testcase name="@BeforeMethod startTest" time="0.0" classname="betfair.pages.ModifyEvents">
    <skipped/>
  </testcase> <!-- @BeforeMethod startTest -->
  <testcase name="@BeforeMethod login" time="0.0" classname="betfair.pages.ModifyEvents">
    <skipped/>
  </testcase> <!-- @BeforeMethod login -->
  <testcase name="@AfterMethod logout" time="0.0" classname="betfair.pages.ModifyEvents">
    <skipped/>
  </testcase> <!-- @AfterMethod logout -->
  <testcase name="@BeforeMethod startTest" time="0.0" classname="betfair.pages.ModifyEvents">
    <skipped/>
  </testcase> <!-- @BeforeMethod startTest -->
  <testcase name="@BeforeMethod login" time="0.0" classname="betfair.pages.ModifyEvents">
    <skipped/>
  </testcase> <!-- @BeforeMethod login -->
  <testcase name="@AfterMethod logout" time="0.0" classname="betfair.pages.ModifyEvents">
    <skipped/>
  </testcase> <!-- @AfterMethod logout -->
  <testcase name="@BeforeClass init" time="0.0" classname="betfair.pages.SearchBetTest">
    <skipped/>
  </testcase> <!-- @BeforeClass init -->
  <testcase name="@BeforeClass classInit" time="0.0" classname="betfair.pages.SearchBetTest">
    <skipped/>
  </testcase> <!-- @BeforeClass classInit -->
  <testcase name="@BeforeMethod startTest" time="0.0" classname="betfair.pages.SearchBetTest">
    <skipped/>
  </testcase> <!-- @BeforeMethod startTest -->
  <testcase name="@BeforeMethod login" time="0.0" classname="betfair.pages.SearchBetTest">
    <skipped/>
  </testcase> <!-- @BeforeMethod login -->
  <testcase name="@AfterMethod logout" time="0.0" classname="betfair.pages.SearchBetTest">
    <skipped/>
  </testcase> <!-- @AfterMethod logout -->
  <testcase name="@BeforeMethod startTest" time="0.0" classname="betfair.pages.SearchBetTest">
    <skipped/>
  </testcase> <!-- @BeforeMethod startTest -->
  <testcase name="@BeforeMethod login" time="0.0" classname="betfair.pages.SearchBetTest">
    <skipped/>
  </testcase> <!-- @BeforeMethod login -->
  <testcase name="@AfterMethod logout" time="0.0" classname="betfair.pages.SearchBetTest">
    <skipped/>
  </testcase> <!-- @AfterMethod logout -->
  <testcase name="@BeforeClass init" time="0.0" classname="betfair.pages.CreateEventsTest">
    <skipped/>
  </testcase> <!-- @BeforeClass init -->
  <testcase name="@BeforeClass classInit" time="0.0" classname="betfair.pages.CreateEventsTest">
    <skipped/>
  </testcase> <!-- @BeforeClass classInit -->
  <testcase name="@BeforeMethod startTest" time="0.0" classname="betfair.pages.CreateEventsTest">
    <skipped/>
  </testcase> <!-- @BeforeMethod startTest -->
  <testcase name="@BeforeMethod login" time="0.0" classname="betfair.pages.CreateEventsTest">
    <skipped/>
  </testcase> <!-- @BeforeMethod login -->
  <testcase name="@AfterMethod logout" time="0.0" classname="betfair.pages.CreateEventsTest">
    <skipped/>
  </testcase> <!-- @AfterMethod logout -->
  <testcase name="@BeforeMethod startTest" time="0.0" classname="betfair.pages.CreateEventsTest">
    <skipped/>
  </testcase> <!-- @BeforeMethod startTest -->
  <testcase name="@BeforeMethod login" time="0.0" classname="betfair.pages.CreateEventsTest">
    <skipped/>
  </testcase> <!-- @BeforeMethod login -->
  <testcase name="@AfterMethod logout" time="0.0" classname="betfair.pages.CreateEventsTest">
    <skipped/>
  </testcase> <!-- @AfterMethod logout -->
  <testcase name="@BeforeClass init" time="0.0" classname="betfair.pages.SearchCustomerTest">
    <skipped/>
  </testcase> <!-- @BeforeClass init -->
  <testcase name="@BeforeClass classInit" time="0.0" classname="betfair.pages.SearchCustomerTest">
    <skipped/>
  </testcase> <!-- @BeforeClass classInit -->
  <testcase name="@BeforeMethod startTest" time="0.0" classname="betfair.pages.SearchCustomerTest">
    <skipped/>
  </testcase> <!-- @BeforeMethod startTest -->
  <testcase name="@BeforeMethod login" time="0.0" classname="betfair.pages.SearchCustomerTest">
    <skipped/>
  </testcase> <!-- @BeforeMethod login -->
  <testcase name="@AfterMethod logout" time="0.0" classname="betfair.pages.SearchCustomerTest">
    <skipped/>
  </testcase> <!-- @AfterMethod logout -->
  <testcase name="@BeforeMethod startTest" time="0.0" classname="betfair.pages.SearchCustomerTest">
    <skipped/>
  </testcase> <!-- @BeforeMethod startTest -->
  <testcase name="@BeforeMethod login" time="0.0" classname="betfair.pages.SearchCustomerTest">
    <skipped/>
  </testcase> <!-- @BeforeMethod login -->
  <testcase name="@AfterMethod logout" time="0.0" classname="betfair.pages.SearchCustomerTest">
    <skipped/>
  </testcase> <!-- @AfterMethod logout -->
  <testcase name="@BeforeClass init" time="0.0" classname="betfair.pages.WinLoseVoidTest">
    <skipped/>
  </testcase> <!-- @BeforeClass init -->
  <testcase name="@BeforeClass classInit" time="0.0" classname="betfair.pages.WinLoseVoidTest">
    <skipped/>
  </testcase> <!-- @BeforeClass classInit -->
  <testcase name="@BeforeMethod startTest" time="0.0" classname="betfair.pages.WinLoseVoidTest">
    <skipped/>
  </testcase> <!-- @BeforeMethod startTest -->
  <testcase name="@BeforeMethod login" time="0.0" classname="betfair.pages.WinLoseVoidTest">
    <skipped/>
  </testcase> <!-- @BeforeMethod login -->
  <testcase name="@AfterMethod logout" time="0.0" classname="betfair.pages.WinLoseVoidTest">
    <skipped/>
  </testcase> <!-- @AfterMethod logout -->
  <testcase name="@BeforeMethod startTest" time="0.0" classname="betfair.pages.WinLoseVoidTest">
    <skipped/>
  </testcase> <!-- @BeforeMethod startTest -->
  <testcase name="@BeforeMethod login" time="0.0" classname="betfair.pages.WinLoseVoidTest">
    <skipped/>
  </testcase> <!-- @BeforeMethod login -->
  <testcase name="@AfterMethod logout" time="0.0" classname="betfair.pages.WinLoseVoidTest">
    <skipped/>
  </testcase> <!-- @AfterMethod logout -->
  <testcase name="@BeforeClass init" time="0.0" classname="betfair.pages.PlaceBetEndtoEndTest">
    <skipped/>
  </testcase> <!-- @BeforeClass init -->
  <testcase name="@BeforeClass classInit" time="0.0" classname="betfair.pages.PlaceBetEndtoEndTest">
    <skipped/>
  </testcase> <!-- @BeforeClass classInit -->
  <testcase name="@BeforeMethod startTest" time="0.0" classname="betfair.pages.PlaceBetEndtoEndTest">
    <skipped/>
  </testcase> <!-- @BeforeMethod startTest -->
  <testcase name="@BeforeMethod login" time="0.0" classname="betfair.pages.PlaceBetEndtoEndTest">
    <skipped/>
  </testcase> <!-- @BeforeMethod login -->
  <testcase name="@AfterMethod logout" time="0.0" classname="betfair.pages.PlaceBetEndtoEndTest">
    <skipped/>
  </testcase> <!-- @AfterMethod logout -->
  <testcase name="@BeforeMethod startTest" time="0.0" classname="betfair.pages.PlaceBetEndtoEndTest">
    <skipped/>
  </testcase> <!-- @BeforeMethod startTest -->
  <testcase name="@BeforeMethod login" time="0.0" classname="betfair.pages.PlaceBetEndtoEndTest">
    <skipped/>
  </testcase> <!-- @BeforeMethod login -->
  <testcase name="@AfterMethod logout" time="0.0" classname="betfair.pages.PlaceBetEndtoEndTest">
    <skipped/>
  </testcase> <!-- @AfterMethod logout -->
  <testcase name="@BeforeClass init" time="0.0" classname="betfair.pages.FundsTransferEndToEndTest">
    <skipped/>
  </testcase> <!-- @BeforeClass init -->
  <testcase name="@BeforeClass classInit" time="0.0" classname="betfair.pages.FundsTransferEndToEndTest">
    <skipped/>
  </testcase> <!-- @BeforeClass classInit -->
  <testcase name="@BeforeMethod startTest" time="0.0" classname="betfair.pages.FundsTransferEndToEndTest">
    <skipped/>
  </testcase> <!-- @BeforeMethod startTest -->
  <testcase name="@BeforeMethod login" time="0.0" classname="betfair.pages.FundsTransferEndToEndTest">
    <skipped/>
  </testcase> <!-- @BeforeMethod login -->
  <testcase name="@AfterMethod logout" time="0.0" classname="betfair.pages.FundsTransferEndToEndTest">
    <skipped/>
  </testcase> <!-- @AfterMethod logout -->
  <testcase name="@BeforeClass init" time="0.0" classname="betfair.pages.BirEndToEndTest">
    <skipped/>
  </testcase> <!-- @BeforeClass init -->
  <testcase name="@BeforeClass classInit" time="0.0" classname="betfair.pages.BirEndToEndTest">
    <skipped/>
  </testcase> <!-- @BeforeClass classInit -->
  <testcase name="@BeforeMethod startTest" time="0.0" classname="betfair.pages.BirEndToEndTest">
    <skipped/>
  </testcase> <!-- @BeforeMethod startTest -->
  <testcase name="@BeforeMethod login" time="0.0" classname="betfair.pages.BirEndToEndTest">
    <skipped/>
  </testcase> <!-- @BeforeMethod login -->
  <testcase name="@AfterMethod logout" time="0.0" classname="betfair.pages.BirEndToEndTest">
    <skipped/>
  </testcase> <!-- @AfterMethod logout -->
  <testcase name="@BeforeClass init" time="0.0" classname="betfair.pages.OxiXmlTest">
    <skipped/>
  </testcase> <!-- @BeforeClass init -->
  <testcase name="@BeforeClass classInit" time="0.0" classname="betfair.pages.OxiXmlTest">
    <skipped/>
  </testcase> <!-- @BeforeClass classInit -->
  <testcase name="@BeforeMethod startTest" time="0.0" classname="betfair.pages.OxiXmlTest">
    <skipped/>
  </testcase> <!-- @BeforeMethod startTest -->
  <testcase name="@BeforeMethod login" time="0.0" classname="betfair.pages.OxiXmlTest">
    <skipped/>
  </testcase> <!-- @BeforeMethod login -->
  <testcase name="@AfterMethod logout" time="0.0" classname="betfair.pages.OxiXmlTest">
    <skipped/>
  </testcase> <!-- @AfterMethod logout -->
  <testcase name="@BeforeMethod startTest" time="0.0" classname="betfair.pages.OxiXmlTest">
    <skipped/>
  </testcase> <!-- @BeforeMethod startTest -->
  <testcase name="@BeforeMethod login" time="0.0" classname="betfair.pages.OxiXmlTest">
    <skipped/>
  </testcase> <!-- @BeforeMethod login -->
  <testcase name="@AfterMethod logout" time="0.0" classname="betfair.pages.OxiXmlTest">
    <skipped/>
  </testcase> <!-- @AfterMethod logout -->
  <testcase name="@BeforeMethod startTest" time="0.0" classname="betfair.pages.OxiXmlTest">
    <skipped/>
  </testcase> <!-- @BeforeMethod startTest -->
  <testcase name="@BeforeMethod login" time="0.0" classname="betfair.pages.OxiXmlTest">
    <skipped/>
  </testcase> <!-- @BeforeMethod login -->
  <testcase name="@AfterMethod logout" time="0.0" classname="betfair.pages.OxiXmlTest">
    <skipped/>
  </testcase> <!-- @AfterMethod logout -->
  <testcase name="@BeforeMethod startTest" time="0.0" classname="betfair.pages.OxiXmlTest">
    <skipped/>
  </testcase> <!-- @BeforeMethod startTest -->
  <testcase name="@BeforeMethod login" time="0.0" classname="betfair.pages.OxiXmlTest">
    <skipped/>
  </testcase> <!-- @BeforeMethod login -->
  <testcase name="@AfterMethod logout" time="0.0" classname="betfair.pages.OxiXmlTest">
    <skipped/>
  </testcase> <!-- @AfterMethod logout -->
  <testcase name="@BeforeMethod startTest" time="0.0" classname="betfair.pages.OxiXmlTest">
    <skipped/>
  </testcase> <!-- @BeforeMethod startTest -->
  <testcase name="@BeforeMethod login" time="0.0" classname="betfair.pages.OxiXmlTest">
    <skipped/>
  </testcase> <!-- @BeforeMethod login -->
  <testcase name="@AfterMethod logout" time="0.0" classname="betfair.pages.OxiXmlTest">
    <skipped/>
  </testcase> <!-- @AfterMethod logout -->
  <testcase name="@BeforeMethod startTest" time="0.0" classname="betfair.pages.OxiXmlTest">
    <skipped/>
  </testcase> <!-- @BeforeMethod startTest -->
  <testcase name="@BeforeMethod login" time="0.0" classname="betfair.pages.OxiXmlTest">
    <skipped/>
  </testcase> <!-- @BeforeMethod login -->
  <testcase name="@AfterMethod logout" time="0.0" classname="betfair.pages.OxiXmlTest">
    <skipped/>
  </testcase> <!-- @AfterMethod logout -->
  <testcase name="@BeforeMethod startTest" time="0.0" classname="betfair.pages.OxiXmlTest">
    <skipped/>
  </testcase> <!-- @BeforeMethod startTest -->
  <testcase name="@BeforeMethod login" time="0.0" classname="betfair.pages.OxiXmlTest">
    <skipped/>
  </testcase> <!-- @BeforeMethod login -->
  <testcase name="@AfterMethod logout" time="0.0" classname="betfair.pages.OxiXmlTest">
    <skipped/>
  </testcase> <!-- @AfterMethod logout -->
  <testcase name="@BeforeClass init" time="0.0" classname="betfair.pages.CashoutExceptions">
    <skipped/>
  </testcase> <!-- @BeforeClass init -->
  <testcase name="@BeforeClass classInit" time="0.0" classname="betfair.pages.CashoutExceptions">
    <skipped/>
  </testcase> <!-- @BeforeClass classInit -->
  <testcase name="@BeforeMethod startTest" time="0.0" classname="betfair.pages.CashoutExceptions">
    <skipped/>
  </testcase> <!-- @BeforeMethod startTest -->
  <testcase name="@BeforeMethod login" time="0.0" classname="betfair.pages.CashoutExceptions">
    <skipped/>
  </testcase> <!-- @BeforeMethod login -->
  <testcase name="@AfterMethod logout" time="0.0" classname="betfair.pages.CashoutExceptions">
    <skipped/>
  </testcase> <!-- @AfterMethod logout -->
  <testcase name="@BeforeMethod startTest" time="0.0" classname="betfair.pages.CashoutExceptions">
    <skipped/>
  </testcase> <!-- @BeforeMethod startTest -->
  <testcase name="@BeforeMethod login" time="0.0" classname="betfair.pages.CashoutExceptions">
    <skipped/>
  </testcase> <!-- @BeforeMethod login -->
  <testcase name="@AfterMethod logout" time="0.0" classname="betfair.pages.CashoutExceptions">
    <skipped/>
  </testcase> <!-- @AfterMethod logout -->
  <testcase name="@BeforeMethod startTest" time="0.0" classname="betfair.pages.CashoutExceptions">
    <skipped/>
  </testcase> <!-- @BeforeMethod startTest -->
  <testcase name="@BeforeMethod login" time="0.0" classname="betfair.pages.CashoutExceptions">
    <skipped/>
  </testcase> <!-- @BeforeMethod login -->
  <testcase name="@AfterMethod logout" time="0.0" classname="betfair.pages.CashoutExceptions">
    <skipped/>
  </testcase> <!-- @AfterMethod logout -->
  <testcase name="@BeforeMethod startTest" time="0.0" classname="betfair.pages.CashoutExceptions">
    <skipped/>
  </testcase> <!-- @BeforeMethod startTest -->
  <testcase name="@BeforeMethod login" time="0.0" classname="betfair.pages.CashoutExceptions">
    <skipped/>
  </testcase> <!-- @BeforeMethod login -->
  <testcase name="@AfterMethod logout" time="0.0" classname="betfair.pages.CashoutExceptions">
    <skipped/>
  </testcase> <!-- @AfterMethod logout -->
  <testcase name="@BeforeMethod startTest" time="0.0" classname="betfair.pages.CashoutExceptions">
    <skipped/>
  </testcase> <!-- @BeforeMethod startTest -->
  <testcase name="@BeforeMethod login" time="0.0" classname="betfair.pages.CashoutExceptions">
    <skipped/>
  </testcase> <!-- @BeforeMethod login -->
  <testcase name="@AfterMethod logout" time="0.0" classname="betfair.pages.CashoutExceptions">
    <skipped/>
  </testcase> <!-- @AfterMethod logout -->
  <testcase name="@BeforeMethod startTest" time="0.0" classname="betfair.pages.CashoutExceptions">
    <skipped/>
  </testcase> <!-- @BeforeMethod startTest -->
  <testcase name="@BeforeMethod login" time="0.0" classname="betfair.pages.CashoutExceptions">
    <skipped/>
  </testcase> <!-- @BeforeMethod login -->
  <testcase name="@AfterMethod logout" time="0.0" classname="betfair.pages.CashoutExceptions">
    <skipped/>
  </testcase> <!-- @AfterMethod logout -->
  <testcase name="@BeforeMethod startTest" time="0.0" classname="betfair.pages.CashoutExceptions">
    <skipped/>
  </testcase> <!-- @BeforeMethod startTest -->
  <testcase name="@BeforeMethod login" time="0.0" classname="betfair.pages.CashoutExceptions">
    <skipped/>
  </testcase> <!-- @BeforeMethod login -->
  <testcase name="@AfterMethod logout" time="0.0" classname="betfair.pages.CashoutExceptions">
    <skipped/>
  </testcase> <!-- @AfterMethod logout -->
  <testcase name="@BeforeMethod startTest" time="0.0" classname="betfair.pages.CashoutExceptions">
    <skipped/>
  </testcase> <!-- @BeforeMethod startTest -->
  <testcase name="@BeforeMethod login" time="0.0" classname="betfair.pages.CashoutExceptions">
    <skipped/>
  </testcase> <!-- @BeforeMethod login -->
  <testcase name="@AfterMethod logout" time="0.0" classname="betfair.pages.CashoutExceptions">
    <skipped/>
  </testcase> <!-- @AfterMethod logout -->
  <testcase name="@BeforeMethod startTest" time="0.0" classname="betfair.pages.CashoutExceptions">
    <skipped/>
  </testcase> <!-- @BeforeMethod startTest -->
  <testcase name="@BeforeMethod login" time="0.0" classname="betfair.pages.CashoutExceptions">
    <skipped/>
  </testcase> <!-- @BeforeMethod login -->
  <testcase name="@AfterMethod logout" time="0.0" classname="betfair.pages.CashoutExceptions">
    <skipped/>
  </testcase> <!-- @AfterMethod logout -->
  <testcase name="@BeforeMethod startTest" time="0.0" classname="betfair.pages.CashoutExceptions">
    <skipped/>
  </testcase> <!-- @BeforeMethod startTest -->
  <testcase name="@BeforeMethod login" time="0.0" classname="betfair.pages.CashoutExceptions">
    <skipped/>
  </testcase> <!-- @BeforeMethod login -->
  <testcase name="@AfterMethod logout" time="0.0" classname="betfair.pages.CashoutExceptions">
    <skipped/>
  </testcase> <!-- @AfterMethod logout -->
  <testcase name="@BeforeMethod startTest" time="0.0" classname="betfair.pages.CashoutExceptions">
    <skipped/>
  </testcase> <!-- @BeforeMethod startTest -->
  <testcase name="@BeforeMethod login" time="0.0" classname="betfair.pages.CashoutExceptions">
    <skipped/>
  </testcase> <!-- @BeforeMethod login -->
  <testcase name="@AfterMethod logout" time="0.0" classname="betfair.pages.CashoutExceptions">
    <skipped/>
  </testcase> <!-- @AfterMethod logout -->
  <testcase name="@BeforeClass init" time="0.0" classname="betfair.pages.DbPublishTest">
    <skipped/>
  </testcase> <!-- @BeforeClass init -->
  <testcase name="@BeforeClass classInit" time="0.0" classname="betfair.pages.DbPublishTest">
    <skipped/>
  </testcase> <!-- @BeforeClass classInit -->
  <testcase name="@BeforeMethod startTest" time="0.0" classname="betfair.pages.DbPublishTest">
    <skipped/>
  </testcase> <!-- @BeforeMethod startTest -->
  <testcase name="@BeforeMethod login" time="0.0" classname="betfair.pages.DbPublishTest">
    <skipped/>
  </testcase> <!-- @BeforeMethod login -->
  <testcase name="@AfterMethod logout" time="0.0" classname="betfair.pages.DbPublishTest">
    <skipped/>
  </testcase> <!-- @AfterMethod logout -->
  <testcase name="@BeforeMethod startTest" time="0.0" classname="betfair.pages.DbPublishTest">
    <skipped/>
  </testcase> <!-- @BeforeMethod startTest -->
  <testcase name="@BeforeMethod login" time="0.0" classname="betfair.pages.DbPublishTest">
    <skipped/>
  </testcase> <!-- @BeforeMethod login -->
  <testcase name="@AfterMethod logout" time="0.0" classname="betfair.pages.DbPublishTest">
    <skipped/>
  </testcase> <!-- @AfterMethod logout -->
  <testcase name="@BeforeMethod startTest" time="0.0" classname="betfair.pages.DbPublishTest">
    <skipped/>
  </testcase> <!-- @BeforeMethod startTest -->
  <testcase name="@BeforeMethod login" time="0.0" classname="betfair.pages.DbPublishTest">
    <skipped/>
  </testcase> <!-- @BeforeMethod login -->
  <testcase name="@AfterMethod logout" time="0.0" classname="betfair.pages.DbPublishTest">
    <skipped/>
  </testcase> <!-- @AfterMethod logout -->
  <testcase name="@BeforeMethod startTest" time="0.0" classname="betfair.pages.DbPublishTest">
    <skipped/>
  </testcase> <!-- @BeforeMethod startTest -->
  <testcase name="@BeforeMethod login" time="0.0" classname="betfair.pages.DbPublishTest">
    <skipped/>
  </testcase> <!-- @BeforeMethod login -->
  <testcase name="@AfterMethod logout" time="0.0" classname="betfair.pages.DbPublishTest">
    <skipped/>
  </testcase> <!-- @AfterMethod logout -->
  <testcase name="@BeforeMethod startTest" time="0.0" classname="betfair.pages.DbPublishTest">
    <skipped/>
  </testcase> <!-- @BeforeMethod startTest -->
  <testcase name="@BeforeMethod login" time="0.0" classname="betfair.pages.DbPublishTest">
    <skipped/>
  </testcase> <!-- @BeforeMethod login -->
  <testcase name="@AfterMethod logout" time="0.0" classname="betfair.pages.DbPublishTest">
    <skipped/>
  </testcase> <!-- @AfterMethod logout -->
  <testcase name="@BeforeMethod startTest" time="0.0" classname="betfair.pages.DbPublishTest">
    <skipped/>
  </testcase> <!-- @BeforeMethod startTest -->
  <testcase name="@BeforeMethod login" time="0.0" classname="betfair.pages.DbPublishTest">
    <skipped/>
  </testcase> <!-- @BeforeMethod login -->
  <testcase name="@AfterMethod logout" time="0.0" classname="betfair.pages.DbPublishTest">
    <skipped/>
  </testcase> <!-- @AfterMethod logout -->
  <testcase name="@BeforeMethod startTest" time="0.0" classname="betfair.pages.DbPublishTest">
    <skipped/>
  </testcase> <!-- @BeforeMethod startTest -->
  <testcase name="@BeforeMethod login" time="0.0" classname="betfair.pages.DbPublishTest">
    <skipped/>
  </testcase> <!-- @BeforeMethod login -->
  <testcase name="@AfterMethod logout" time="0.0" classname="betfair.pages.DbPublishTest">
    <skipped/>
  </testcase> <!-- @AfterMethod logout -->
  <testcase name="@BeforeMethod startTest" time="0.0" classname="betfair.pages.DbPublishTest">
    <skipped/>
  </testcase> <!-- @BeforeMethod startTest -->
  <testcase name="@BeforeMethod login" time="0.0" classname="betfair.pages.DbPublishTest">
    <skipped/>
  </testcase> <!-- @BeforeMethod login -->
  <testcase name="@AfterMethod logout" time="0.0" classname="betfair.pages.DbPublishTest">
    <skipped/>
  </testcase> <!-- @AfterMethod logout -->
  <testcase name="@BeforeMethod startTest" time="0.0" classname="betfair.pages.DbPublishTest">
    <skipped/>
  </testcase> <!-- @BeforeMethod startTest -->
  <testcase name="@BeforeMethod login" time="0.0" classname="betfair.pages.DbPublishTest">
    <skipped/>
  </testcase> <!-- @BeforeMethod login -->
  <testcase name="@AfterMethod logout" time="0.0" classname="betfair.pages.DbPublishTest">
    <skipped/>
  </testcase> <!-- @AfterMethod logout -->
  <testcase name="@BeforeMethod startTest" time="0.0" classname="betfair.pages.DbPublishTest">
    <skipped/>
  </testcase> <!-- @BeforeMethod startTest -->
  <testcase name="@BeforeMethod login" time="0.0" classname="betfair.pages.DbPublishTest">
    <skipped/>
  </testcase> <!-- @BeforeMethod login -->
  <testcase name="@AfterMethod logout" time="0.0" classname="betfair.pages.DbPublishTest">
    <skipped/>
  </testcase> <!-- @AfterMethod logout -->
  <testcase name="@BeforeMethod startTest" time="0.0" classname="betfair.pages.DbPublishTest">
    <skipped/>
  </testcase> <!-- @BeforeMethod startTest -->
  <testcase name="@BeforeMethod login" time="0.0" classname="betfair.pages.DbPublishTest">
    <skipped/>
  </testcase> <!-- @BeforeMethod login -->
  <testcase name="@AfterMethod logout" time="0.0" classname="betfair.pages.DbPublishTest">
    <skipped/>
  </testcase> <!-- @AfterMethod logout -->
  <testcase name="@BeforeMethod startTest" time="0.0" classname="betfair.pages.DbPublishTest">
    <skipped/>
  </testcase> <!-- @BeforeMethod startTest -->
  <testcase name="@BeforeMethod login" time="0.0" classname="betfair.pages.DbPublishTest">
    <skipped/>
  </testcase> <!-- @BeforeMethod login -->
  <testcase name="@AfterMethod logout" time="0.0" classname="betfair.pages.DbPublishTest">
    <skipped/>
  </testcase> <!-- @AfterMethod logout -->
  <testcase name="@BeforeMethod startTest" time="0.0" classname="betfair.pages.DbPublishTest">
    <skipped/>
  </testcase> <!-- @BeforeMethod startTest -->
  <testcase name="@BeforeMethod login" time="0.0" classname="betfair.pages.DbPublishTest">
    <skipped/>
  </testcase> <!-- @BeforeMethod login -->
  <testcase name="@AfterMethod logout" time="0.0" classname="betfair.pages.DbPublishTest">
    <skipped/>
  </testcase> <!-- @AfterMethod logout -->
  <testcase name="modifyFootballEvent" time="0.0" classname="betfair.pages.ModifyEvents">
    <skipped/>
  </testcase> <!-- modifyFootballEvent -->
  <testcase name="modifyFootballMarket" time="0.0" classname="betfair.pages.ModifyEvents">
    <skipped/>
  </testcase> <!-- modifyFootballMarket -->
  <testcase name="modifyFootballSelection" time="0.0" classname="betfair.pages.ModifyEvents">
    <skipped/>
  </testcase> <!-- modifyFootballSelection -->
  <testcase name="modifyHorseRacingEvent" time="0.001" classname="betfair.pages.ModifyEvents">
    <skipped/>
  </testcase> <!-- modifyHorseRacingEvent -->
  <testcase name="modifyHorseRacingMarket" time="0.0" classname="betfair.pages.ModifyEvents">
    <skipped/>
  </testcase> <!-- modifyHorseRacingMarket -->
  <testcase name="modifyHorseRacingSelection" time="0.001" classname="betfair.pages.ModifyEvents">
    <skipped/>
  </testcase> <!-- modifyHorseRacingSelection -->
  <testcase name="searchBetReceipt" time="0.001" classname="betfair.pages.SearchBetTest">
    <skipped/>
  </testcase> <!-- searchBetReceipt -->
  <testcase name="searchBetUsername" time="0.001" classname="betfair.pages.SearchBetTest">
    <skipped/>
  </testcase> <!-- searchBetUsername -->
  <testcase name="createEnglishFootballEvent" time="0.0" classname="betfair.pages.CreateEventsTest">
    <skipped/>
  </testcase> <!-- createEnglishFootballEvent -->
  <testcase name="createHorseRacingEvent" time="0.001" classname="betfair.pages.CreateEventsTest">
    <skipped/>
  </testcase> <!-- createHorseRacingEvent -->
  <testcase name="searchCustomerUsername" time="0.001" classname="betfair.pages.SearchCustomerTest">
    <skipped/>
  </testcase> <!-- searchCustomerUsername -->
  <testcase name="searchCustomerAccount" time="0.001" classname="betfair.pages.SearchCustomerTest">
    <skipped/>
  </testcase> <!-- searchCustomerAccount -->
  <testcase name="setResults" time="0.0" classname="betfair.pages.WinLoseVoidTest">
    <skipped/>
  </testcase> <!-- setResults -->
  <testcase name="unsetResults" time="0.001" classname="betfair.pages.WinLoseVoidTest">
    <skipped/>
  </testcase> <!-- unsetResults -->
  <testcase name="placeBetEndtoEndHR" time="0.001" classname="betfair.pages.PlaceBetEndtoEndTest">
    <skipped/>
  </testcase> <!-- placeBetEndtoEndHR -->
  <testcase name="placeBetEndtoEndFootball" time="0.0" classname="betfair.pages.PlaceBetEndtoEndTest">
    <skipped/>
  </testcase> <!-- placeBetEndtoEndFootball -->
  <testcase name="fundsTransferEndtoEnd" time="0.0" classname="betfair.pages.FundsTransferEndToEndTest">
    <skipped/>
  </testcase> <!-- fundsTransferEndtoEnd -->
  <testcase name="birEndToEndTest" time="0.001" classname="betfair.pages.BirEndToEndTest">
    <skipped/>
  </testcase> <!-- birEndToEndTest -->
  <testcase name="reqTransGetBetDetail" time="0.0" classname="betfair.pages.OxiXmlTest">
    <skipped/>
  </testcase> <!-- reqTransGetBetDetail -->
  <testcase name="reqTransGetBetDetails" time="0.0" classname="betfair.pages.OxiXmlTest">
    <skipped/>
  </testcase> <!-- reqTransGetBetDetails -->
  <testcase name="reqAccountAddStub" time="0.0" classname="betfair.pages.OxiXmlTest">
    <skipped/>
  </testcase> <!-- reqAccountAddStub -->
  <testcase name="reqAcctGetFreebets" time="0.0" classname="betfair.pages.OxiXmlTest">
    <skipped/>
  </testcase> <!-- reqAcctGetFreebets -->
  <testcase name="reqUtilPing" time="0.0" classname="betfair.pages.OxiXmlTest">
    <skipped/>
  </testcase> <!-- reqUtilPing -->
  <testcase name="reqFreebetTrigger" time="0.0" classname="betfair.pages.OxiXmlTest">
    <skipped/>
  </testcase> <!-- reqFreebetTrigger -->
  <testcase name="reqBetCashout" time="0.0" classname="betfair.pages.OxiXmlTest">
    <skipped/>
  </testcase> <!-- reqBetCashout -->
  <testcase name="reqBetCashout_CASHOUT_VALUE_TOO_HIGH" time="0.0" classname="betfair.pages.CashoutExceptions">
    <skipped/>
  </testcase> <!-- reqBetCashout_CASHOUT_VALUE_TOO_HIGH -->
  <testcase name="reqBetCashout_CASHOUT_OUTCOME_NOT_RESULTED" time="0.0" classname="betfair.pages.CashoutExceptions">
    <skipped/>
  </testcase> <!-- reqBetCashout_CASHOUT_OUTCOME_NOT_RESULTED -->
  <testcase name="reqBetCashout_CASHOUT_BET_ALREADY_SETTLED" time="0.0" classname="betfair.pages.CashoutExceptions">
    <skipped/>
  </testcase> <!-- reqBetCashout_CASHOUT_BET_ALREADY_SETTLED -->
  <testcase name="reqBetCashout_CASHOUT_OUTCOME_RESULTED" time="0.001" classname="betfair.pages.CashoutExceptions">
    <skipped/>
  </testcase> <!-- reqBetCashout_CASHOUT_OUTCOME_RESULTED -->
  <testcase name="reqBetCashout_CASHOUT_OUTCOME_NOT_BETABLE" time="0.001" classname="betfair.pages.CashoutExceptions">
    <skipped/>
  </testcase> <!-- reqBetCashout_CASHOUT_OUTCOME_NOT_BETABLE -->
  <testcase name="reqBetCashout_CASHOUT_OUTCOME_BETABLE" time="0.001" classname="betfair.pages.CashoutExceptions">
    <skipped/>
  </testcase> <!-- reqBetCashout_CASHOUT_OUTCOME_BETABLE -->
  <testcase name="reqBetCashout_CASHOUT_OUTCOME_PRICE_CHANGED" time="0.0" classname="betfair.pages.CashoutExceptions">
    <skipped/>
  </testcase> <!-- reqBetCashout_CASHOUT_OUTCOME_PRICE_CHANGED -->
  <testcase name="reqBetCashout_CASHOUT_INVALID_EXPECTATION" time="0.0" classname="betfair.pages.CashoutExceptions">
    <skipped/>
  </testcase> <!-- reqBetCashout_CASHOUT_INVALID_EXPECTATION -->
  <testcase name="reqBetCashout_CASHOUT_OUTCOME_PRICE_NOT_PROVIDED" time="0.0" classname="betfair.pages.CashoutExceptions">
    <skipped/>
  </testcase> <!-- reqBetCashout_CASHOUT_OUTCOME_PRICE_NOT_PROVIDED -->
  <testcase name="reqBetCashout_CASHOUT_OUTCOME_HANDICAP_CHANGED" time="0.0" classname="betfair.pages.CashoutExceptions">
    <skipped/>
  </testcase> <!-- reqBetCashout_CASHOUT_OUTCOME_HANDICAP_CHANGED -->
  <testcase name="reqBetCashout_CASHOUT_OUTCOME_PRICE_EMPTY" time="0.001" classname="betfair.pages.CashoutExceptions">
    <skipped/>
  </testcase> <!-- reqBetCashout_CASHOUT_OUTCOME_PRICE_EMPTY -->
  <testcase name="getClasses" time="0.0" classname="betfair.pages.DbPublishTest">
    <skipped/>
  </testcase> <!-- getClasses -->
  <testcase name="getEventDetailsHR" time="0.001" classname="betfair.pages.DbPublishTest">
    <skipped/>
  </testcase> <!-- getEventDetailsHR -->
  <testcase name="getEventDetailsFootball" time="0.0" classname="betfair.pages.DbPublishTest">
    <skipped/>
  </testcase> <!-- getEventDetailsFootball -->
  <testcase name="getTypesByClassHR" time="0.0" classname="betfair.pages.DbPublishTest">
    <skipped/>
  </testcase> <!-- getTypesByClassHR -->
  <testcase name="getTypesByClassFootball" time="0.001" classname="betfair.pages.DbPublishTest">
    <skipped/>
  </testcase> <!-- getTypesByClassFootball -->
  <testcase name="getResultsByEventHR" time="0.004" classname="betfair.pages.DbPublishTest">
    <skipped/>
  </testcase> <!-- getResultsByEventHR -->
  <testcase name="getResultsByEventFootball" time="0.001" classname="betfair.pages.DbPublishTest">
    <skipped/>
  </testcase> <!-- getResultsByEventFootball -->
  <testcase name="getEventsByType" time="0.001" classname="betfair.pages.DbPublishTest">
    <skipped/>
  </testcase> <!-- getEventsByType -->
  <testcase name="getEventsHR" time="0.001" classname="betfair.pages.DbPublishTest">
    <skipped/>
  </testcase> <!-- getEventsHR -->
  <testcase name="getEventsFootball" time="0.007" classname="betfair.pages.DbPublishTest">
    <skipped/>
  </testcase> <!-- getEventsFootball -->
  <testcase name="getOutcomeDetailsHR" time="0.0" classname="betfair.pages.DbPublishTest">
    <skipped/>
  </testcase> <!-- getOutcomeDetailsHR -->
  <testcase name="getOutcomeDetailsFootball" time="0.0" classname="betfair.pages.DbPublishTest">
    <skipped/>
  </testcase> <!-- getOutcomeDetailsFootball -->
  <testcase name="status" time="0.0" classname="betfair.pages.DbPublishTest">
    <skipped/>
  </testcase> <!-- status -->
</testsuite> <!-- Test1 -->
